build/app/outputs/logs/manifest-merger-debug-report.txt
-- Merging decision tree log ---
manifest
ADDED from src/main/AndroidManifest.xml:1:1-74:12
INJECTED from src/main/AndroidManifest.xml:1:1-74:12
INJECTED from src/main/AndroidManifest.xml:1:1-74:12
INJECTED from src/main/AndroidManifest.xml:1:1-74:12
INJECTED from src/main/AndroidManifest.xml:1:1-74:12
INJECTED from src/main/AndroidManifest.xml:1:1-74:12
INJECTED from src/main/AndroidManifest.xml:1:1-74:12
	package
		ADDED from src/main/AndroidManifest.xml:2:5-29
		INJECTED from src/main/AndroidManifest.xml
		INJECTED from src/main/AndroidManifest.xml
	android:versionName
		INJECTED from src/main/AndroidManifest.xml
		ADDED from src/main/AndroidManifest.xml:1:1-74:12
		INJECTED from src/main/AndroidManifest.xml
	android:versionCode
		INJECTED from src/main/AndroidManifest.xml
		ADDED from src/main/AndroidManifest.xml:1:1-74:12
		INJECTED from src/main/AndroidManifest.xml
	xmlns:android
		ADDED from src/main/AndroidManifest.xml:1:11-69
uses-permission#android.permission.INTERNET
ADDED from src/main/AndroidManifest.xml:8:5-66
	android:name
		ADDED from src/main/AndroidManifest.xml:8:22-64
uses-permission#android.permission.ACCESS_NETWORK_STATE
ADDED from src/main/AndroidManifest.xml:9:5-79
	android:name
		ADDED from src/main/AndroidManifest.xml:9:22-76
application
ADDED from src/main/AndroidManifest.xml:50:5-73:19
	android:label
		ADDED from src/main/AndroidManifest.xml:52:9-27
	android:icon
		ADDED from src/main/AndroidManifest.xml:53:9-42
	android:name
		ADDED from src/main/AndroidManifest.xml:51:9-57
activity#com.ly.weather.MainActivity
ADDED from src/main/AndroidManifest.xml:54:9-72:20
	android:launchMode
		ADDED from src/main/AndroidManifest.xml:56:13-43
	android:hardwareAccelerated
		ADDED from src/main/AndroidManifest.xml:59:13-47
	android:windowSoftInputMode
		ADDED from src/main/AndroidManifest.xml:60:13-55
	android:configChanges
		ADDED from src/main/AndroidManifest.xml:58:13-137
	android:theme
		ADDED from src/main/AndroidManifest.xml:57:13-47
	android:name
		ADDED from src/main/AndroidManifest.xml:55:13-41
meta-data#io.flutter.app.android.SplashScreenUntilFirstFrame
ADDED from src/main/AndroidManifest.xml:65:13-67:40
	android:value
		ADDED from src/main/AndroidManifest.xml:67:17-37
	android:name
		ADDED from src/main/AndroidManifest.xml:66:17-82
intent-filter#action:name:android.intent.action.MAIN+category:name:android.intent.category.LAUNCHER
ADDED from src/main/AndroidManifest.xml:68:13-71:29
action#android.intent.action.MAIN
ADDED from src/main/AndroidManifest.xml:69:17-68
	android:name
		ADDED from src/main/AndroidManifest.xml:69:25-66
category#android.intent.category.LAUNCHER
ADDED from src/main/AndroidManifest.xml:70:17-76
	android:name
		ADDED from src/main/AndroidManifest.xml:70:27-74
uses-sdk
INJECTED from src/main/AndroidManifest.xml reason: use-sdk injection requested
INJECTED from src/main/AndroidManifest.xml
INJECTED from src/main/AndroidManifest.xml
INJECTED from src/main/AndroidManifest.xml
INJECTED from src/main/AndroidManifest.xml
	android:targetSdkVersion
		INJECTED from src/main/AndroidManifest.xml
		ADDED from src/main/AndroidManifest.xml
		INJECTED from src/main/AndroidManifest.xml
	android:minSdkVersion
		INJECTED from src/main/AndroidManifest.xml
		ADDED from src/main/AndroidManifest.xml
		INJECTED from src/main/AndroidManifest.xml